<?xml version="1.0"?>
<phpunit xmlns="https://schema.phpunit.de/coverage/1.0">
  <file name="JUnitTestCaseSorter.php" path="/Coverage">
    <totals>
      <lines total="98" comments="46" code="52" executable="16" executed="9" percent="56.25"/>
      <methods count="2" tested="0" percent="0.00"/>
      <functions count="0" tested="0" percent="0"/>
      <classes count="1" tested="0" percent="0.00"/>
      <traits count="0" tested="0" percent="0"/>
    </totals>
    <class name="Infection\TestFramework\Codeception\Coverage\JUnitTestCaseSorter" start="48" executable="16" executed="9" crap="5.34">
      <package full="" name="" sub="" category=""/>
      <namespace name="Infection\TestFramework\Codeception\Coverage"/>
      <method name="getUniqueSortedFileNames" signature="getUniqueSortedFileNames(array $tests): array" start="55" end="75" crap="1.05" executable="8" executed="5" coverage="62.5"/>
      <method name="uniqueByTestFile" signature="uniqueByTestFile(array $tests): array" start="82" end="97" crap="4.12" executable="8" executed="4" coverage="50"/>
    </class>
    <coverage>
      <line nr="57">
        <covered by="Infection\Tests\TestFramework\Codeception\CodeceptionAdapterTest::test_it_adds_extra_options_for_mutant_command_line"/>
        <covered by="Infection\Tests\TestFramework\Codeception\CodeceptionAdapterTest::test_adds_original_bootstrap_to_the_created_config_file_with_relative_path"/>
        <covered by="Infection\Tests\TestFramework\Codeception\CodeceptionAdapterTest::test_it_creates_interceptor_file"/>
        <covered by="Infection\Tests\TestFramework\Codeception\CodeceptionAdapterTest::test_it_disables_coverage_for_mutant_command_line"/>
        <covered by="Infection\Tests\TestFramework\Codeception\CodeceptionAdapterTest::test_adds_original_bootstrap_to_the_created_config_file_with_absolute_path"/>
        <covered by="Infection\Tests\TestFramework\Codeception\CodeceptionAdapterTest::test_it_sets_bootstrap_file"/>
        <covered by="Infection\Tests\TestFramework\Codeception\CodeceptionAdapterTest::test_it_does_not_add_original_bootstrap_to_the_created_config_file_if_not_exists"/>
        <covered by="Infection\Tests\TestFramework\Codeception\CodeceptionAdapterTest::test_it_sets_infection_group"/>
      </line>
      <line nr="60">
        <covered by="Infection\Tests\TestFramework\Codeception\CodeceptionAdapterTest::test_it_adds_extra_options_for_mutant_command_line"/>
        <covered by="Infection\Tests\TestFramework\Codeception\CodeceptionAdapterTest::test_adds_original_bootstrap_to_the_created_config_file_with_relative_path"/>
        <covered by="Infection\Tests\TestFramework\Codeception\CodeceptionAdapterTest::test_it_creates_interceptor_file"/>
        <covered by="Infection\Tests\TestFramework\Codeception\CodeceptionAdapterTest::test_it_disables_coverage_for_mutant_command_line"/>
        <covered by="Infection\Tests\TestFramework\Codeception\CodeceptionAdapterTest::test_adds_original_bootstrap_to_the_created_config_file_with_absolute_path"/>
        <covered by="Infection\Tests\TestFramework\Codeception\CodeceptionAdapterTest::test_it_sets_bootstrap_file"/>
        <covered by="Infection\Tests\TestFramework\Codeception\CodeceptionAdapterTest::test_it_does_not_add_original_bootstrap_to_the_created_config_file_if_not_exists"/>
        <covered by="Infection\Tests\TestFramework\Codeception\CodeceptionAdapterTest::test_it_sets_infection_group"/>
      </line>
      <line nr="64">
        <covered by="Infection\Tests\TestFramework\Codeception\CodeceptionAdapterTest::test_it_adds_extra_options_for_mutant_command_line"/>
        <covered by="Infection\Tests\TestFramework\Codeception\CodeceptionAdapterTest::test_adds_original_bootstrap_to_the_created_config_file_with_relative_path"/>
        <covered by="Infection\Tests\TestFramework\Codeception\CodeceptionAdapterTest::test_it_creates_interceptor_file"/>
        <covered by="Infection\Tests\TestFramework\Codeception\CodeceptionAdapterTest::test_it_disables_coverage_for_mutant_command_line"/>
        <covered by="Infection\Tests\TestFramework\Codeception\CodeceptionAdapterTest::test_adds_original_bootstrap_to_the_created_config_file_with_absolute_path"/>
        <covered by="Infection\Tests\TestFramework\Codeception\CodeceptionAdapterTest::test_it_sets_bootstrap_file"/>
        <covered by="Infection\Tests\TestFramework\Codeception\CodeceptionAdapterTest::test_it_does_not_add_original_bootstrap_to_the_created_config_file_if_not_exists"/>
        <covered by="Infection\Tests\TestFramework\Codeception\CodeceptionAdapterTest::test_it_sets_infection_group"/>
      </line>
      <line nr="67">
        <covered by="Infection\Tests\TestFramework\Codeception\CodeceptionAdapterTest::test_it_adds_extra_options_for_mutant_command_line"/>
        <covered by="Infection\Tests\TestFramework\Codeception\CodeceptionAdapterTest::test_adds_original_bootstrap_to_the_created_config_file_with_relative_path"/>
        <covered by="Infection\Tests\TestFramework\Codeception\CodeceptionAdapterTest::test_it_creates_interceptor_file"/>
        <covered by="Infection\Tests\TestFramework\Codeception\CodeceptionAdapterTest::test_it_disables_coverage_for_mutant_command_line"/>
        <covered by="Infection\Tests\TestFramework\Codeception\CodeceptionAdapterTest::test_adds_original_bootstrap_to_the_created_config_file_with_absolute_path"/>
        <covered by="Infection\Tests\TestFramework\Codeception\CodeceptionAdapterTest::test_it_sets_bootstrap_file"/>
        <covered by="Infection\Tests\TestFramework\Codeception\CodeceptionAdapterTest::test_it_does_not_add_original_bootstrap_to_the_created_config_file_if_not_exists"/>
        <covered by="Infection\Tests\TestFramework\Codeception\CodeceptionAdapterTest::test_it_sets_infection_group"/>
      </line>
      <line nr="73">
        <covered by="Infection\Tests\TestFramework\Codeception\CodeceptionAdapterTest::test_it_adds_extra_options_for_mutant_command_line"/>
        <covered by="Infection\Tests\TestFramework\Codeception\CodeceptionAdapterTest::test_adds_original_bootstrap_to_the_created_config_file_with_relative_path"/>
        <covered by="Infection\Tests\TestFramework\Codeception\CodeceptionAdapterTest::test_it_creates_interceptor_file"/>
        <covered by="Infection\Tests\TestFramework\Codeception\CodeceptionAdapterTest::test_it_disables_coverage_for_mutant_command_line"/>
        <covered by="Infection\Tests\TestFramework\Codeception\CodeceptionAdapterTest::test_adds_original_bootstrap_to_the_created_config_file_with_absolute_path"/>
        <covered by="Infection\Tests\TestFramework\Codeception\CodeceptionAdapterTest::test_it_sets_bootstrap_file"/>
        <covered by="Infection\Tests\TestFramework\Codeception\CodeceptionAdapterTest::test_it_does_not_add_original_bootstrap_to_the_created_config_file_if_not_exists"/>
        <covered by="Infection\Tests\TestFramework\Codeception\CodeceptionAdapterTest::test_it_sets_infection_group"/>
      </line>
      <line nr="84">
        <covered by="Infection\Tests\TestFramework\Codeception\CodeceptionAdapterTest::test_it_adds_extra_options_for_mutant_command_line"/>
        <covered by="Infection\Tests\TestFramework\Codeception\CodeceptionAdapterTest::test_adds_original_bootstrap_to_the_created_config_file_with_relative_path"/>
        <covered by="Infection\Tests\TestFramework\Codeception\CodeceptionAdapterTest::test_it_creates_interceptor_file"/>
        <covered by="Infection\Tests\TestFramework\Codeception\CodeceptionAdapterTest::test_it_disables_coverage_for_mutant_command_line"/>
        <covered by="Infection\Tests\TestFramework\Codeception\CodeceptionAdapterTest::test_adds_original_bootstrap_to_the_created_config_file_with_absolute_path"/>
        <covered by="Infection\Tests\TestFramework\Codeception\CodeceptionAdapterTest::test_it_sets_bootstrap_file"/>
        <covered by="Infection\Tests\TestFramework\Codeception\CodeceptionAdapterTest::test_it_does_not_add_original_bootstrap_to_the_created_config_file_if_not_exists"/>
        <covered by="Infection\Tests\TestFramework\Codeception\CodeceptionAdapterTest::test_it_sets_infection_group"/>
      </line>
      <line nr="85">
        <covered by="Infection\Tests\TestFramework\Codeception\CodeceptionAdapterTest::test_it_adds_extra_options_for_mutant_command_line"/>
        <covered by="Infection\Tests\TestFramework\Codeception\CodeceptionAdapterTest::test_adds_original_bootstrap_to_the_created_config_file_with_relative_path"/>
        <covered by="Infection\Tests\TestFramework\Codeception\CodeceptionAdapterTest::test_it_creates_interceptor_file"/>
        <covered by="Infection\Tests\TestFramework\Codeception\CodeceptionAdapterTest::test_it_disables_coverage_for_mutant_command_line"/>
        <covered by="Infection\Tests\TestFramework\Codeception\CodeceptionAdapterTest::test_adds_original_bootstrap_to_the_created_config_file_with_absolute_path"/>
        <covered by="Infection\Tests\TestFramework\Codeception\CodeceptionAdapterTest::test_it_sets_bootstrap_file"/>
        <covered by="Infection\Tests\TestFramework\Codeception\CodeceptionAdapterTest::test_it_does_not_add_original_bootstrap_to_the_created_config_file_if_not_exists"/>
        <covered by="Infection\Tests\TestFramework\Codeception\CodeceptionAdapterTest::test_it_sets_infection_group"/>
      </line>
      <line nr="87">
        <covered by="Infection\Tests\TestFramework\Codeception\CodeceptionAdapterTest::test_it_adds_extra_options_for_mutant_command_line"/>
        <covered by="Infection\Tests\TestFramework\Codeception\CodeceptionAdapterTest::test_adds_original_bootstrap_to_the_created_config_file_with_relative_path"/>
        <covered by="Infection\Tests\TestFramework\Codeception\CodeceptionAdapterTest::test_it_creates_interceptor_file"/>
        <covered by="Infection\Tests\TestFramework\Codeception\CodeceptionAdapterTest::test_it_disables_coverage_for_mutant_command_line"/>
        <covered by="Infection\Tests\TestFramework\Codeception\CodeceptionAdapterTest::test_adds_original_bootstrap_to_the_created_config_file_with_absolute_path"/>
        <covered by="Infection\Tests\TestFramework\Codeception\CodeceptionAdapterTest::test_it_sets_bootstrap_file"/>
        <covered by="Infection\Tests\TestFramework\Codeception\CodeceptionAdapterTest::test_it_does_not_add_original_bootstrap_to_the_created_config_file_if_not_exists"/>
        <covered by="Infection\Tests\TestFramework\Codeception\CodeceptionAdapterTest::test_it_sets_infection_group"/>
      </line>
      <line nr="96">
        <covered by="Infection\Tests\TestFramework\Codeception\CodeceptionAdapterTest::test_it_adds_extra_options_for_mutant_command_line"/>
        <covered by="Infection\Tests\TestFramework\Codeception\CodeceptionAdapterTest::test_adds_original_bootstrap_to_the_created_config_file_with_relative_path"/>
        <covered by="Infection\Tests\TestFramework\Codeception\CodeceptionAdapterTest::test_it_creates_interceptor_file"/>
        <covered by="Infection\Tests\TestFramework\Codeception\CodeceptionAdapterTest::test_it_disables_coverage_for_mutant_command_line"/>
        <covered by="Infection\Tests\TestFramework\Codeception\CodeceptionAdapterTest::test_adds_original_bootstrap_to_the_created_config_file_with_absolute_path"/>
        <covered by="Infection\Tests\TestFramework\Codeception\CodeceptionAdapterTest::test_it_sets_bootstrap_file"/>
        <covered by="Infection\Tests\TestFramework\Codeception\CodeceptionAdapterTest::test_it_does_not_add_original_bootstrap_to_the_created_config_file_if_not_exists"/>
        <covered by="Infection\Tests\TestFramework\Codeception\CodeceptionAdapterTest::test_it_sets_infection_group"/>
      </line>
    </coverage>
    <source>
      <line no="1">
        <token name="T_OPEN_TAG">&lt;?php</token>
      </line>
      <line no="2">
        <token name="T_DOC_COMMENT">/**</token>
      </line>
      <line no="3">
        <token name="T_DOC_COMMENT"> * This code is licensed under the BSD 3-Clause License.</token>
      </line>
      <line no="4">
        <token name="T_DOC_COMMENT"> *</token>
      </line>
      <line no="5">
        <token name="T_DOC_COMMENT"> * Copyright (c) 2017, Maks Rafalko</token>
      </line>
      <line no="6">
        <token name="T_DOC_COMMENT"> * All rights reserved.</token>
      </line>
      <line no="7">
        <token name="T_DOC_COMMENT"> *</token>
      </line>
      <line no="8">
        <token name="T_DOC_COMMENT"> * Redistribution and use in source and binary forms, with or without</token>
      </line>
      <line no="9">
        <token name="T_DOC_COMMENT"> * modification, are permitted provided that the following conditions are met:</token>
      </line>
      <line no="10">
        <token name="T_DOC_COMMENT"> *</token>
      </line>
      <line no="11">
        <token name="T_DOC_COMMENT"> * * Redistributions of source code must retain the above copyright notice, this</token>
      </line>
      <line no="12">
        <token name="T_DOC_COMMENT"> *   list of conditions and the following disclaimer.</token>
      </line>
      <line no="13">
        <token name="T_DOC_COMMENT"> *</token>
      </line>
      <line no="14">
        <token name="T_DOC_COMMENT"> * * Redistributions in binary form must reproduce the above copyright notice,</token>
      </line>
      <line no="15">
        <token name="T_DOC_COMMENT"> *   this list of conditions and the following disclaimer in the documentation</token>
      </line>
      <line no="16">
        <token name="T_DOC_COMMENT"> *   and/or other materials provided with the distribution.</token>
      </line>
      <line no="17">
        <token name="T_DOC_COMMENT"> *</token>
      </line>
      <line no="18">
        <token name="T_DOC_COMMENT"> * * Neither the name of the copyright holder nor the names of its</token>
      </line>
      <line no="19">
        <token name="T_DOC_COMMENT"> *   contributors may be used to endorse or promote products derived from</token>
      </line>
      <line no="20">
        <token name="T_DOC_COMMENT"> *   this software without specific prior written permission.</token>
      </line>
      <line no="21">
        <token name="T_DOC_COMMENT"> *</token>
      </line>
      <line no="22">
        <token name="T_DOC_COMMENT"> * THIS SOFTWARE IS PROVIDED BY THE COPYRIGHT HOLDERS AND CONTRIBUTORS "AS IS"</token>
      </line>
      <line no="23">
        <token name="T_DOC_COMMENT"> * AND ANY EXPRESS OR IMPLIED WARRANTIES, INCLUDING, BUT NOT LIMITED TO, THE</token>
      </line>
      <line no="24">
        <token name="T_DOC_COMMENT"> * IMPLIED WARRANTIES OF MERCHANTABILITY AND FITNESS FOR A PARTICULAR PURPOSE ARE</token>
      </line>
      <line no="25">
        <token name="T_DOC_COMMENT"> * DISCLAIMED. IN NO EVENT SHALL THE COPYRIGHT HOLDER OR CONTRIBUTORS BE LIABLE</token>
      </line>
      <line no="26">
        <token name="T_DOC_COMMENT"> * FOR ANY DIRECT, INDIRECT, INCIDENTAL, SPECIAL, EXEMPLARY, OR CONSEQUENTIAL</token>
      </line>
      <line no="27">
        <token name="T_DOC_COMMENT"> * DAMAGES (INCLUDING, BUT NOT LIMITED TO, PROCUREMENT OF SUBSTITUTE GOODS OR</token>
      </line>
      <line no="28">
        <token name="T_DOC_COMMENT"> * SERVICES; LOSS OF USE, DATA, OR PROFITS; OR BUSINESS INTERRUPTION) HOWEVER</token>
      </line>
      <line no="29">
        <token name="T_DOC_COMMENT"> * CAUSED AND ON ANY THEORY OF LIABILITY, WHETHER IN CONTRACT, STRICT LIABILITY,</token>
      </line>
      <line no="30">
        <token name="T_DOC_COMMENT"> * OR TORT (INCLUDING NEGLIGENCE OR OTHERWISE) ARISING IN ANY WAY OUT OF THE USE</token>
      </line>
      <line no="31">
        <token name="T_DOC_COMMENT"> * OF THIS SOFTWARE, EVEN IF ADVISED OF THE POSSIBILITY OF SUCH DAMAGE.</token>
      </line>
      <line no="32">
        <token name="T_DOC_COMMENT"> */</token>
      </line>
      <line no="33"/>
      <line no="34">
        <token name="T_DECLARE">declare</token>
        <token name="T_OPEN_BRACKET">(</token>
        <token name="T_STRING">strict_types</token>
        <token name="T_EQUAL">=</token>
        <token name="T_LNUMBER">1</token>
        <token name="T_CLOSE_BRACKET">)</token>
        <token name="T_SEMICOLON">;</token>
      </line>
      <line no="35"/>
      <line no="36">
        <token name="T_NAMESPACE">namespace</token>
        <token name="T_WHITESPACE"> </token>
        <token name="T_STRING">Infection</token>
        <token name="T_NS_SEPARATOR">\</token>
        <token name="T_STRING">TestFramework</token>
        <token name="T_NS_SEPARATOR">\</token>
        <token name="T_STRING">Codeception</token>
        <token name="T_NS_SEPARATOR">\</token>
        <token name="T_STRING">Coverage</token>
        <token name="T_SEMICOLON">;</token>
      </line>
      <line no="37"/>
      <line no="38">
        <token name="T_USE">use</token>
        <token name="T_WHITESPACE"> </token>
        <token name="T_FUNCTION">function</token>
        <token name="T_WHITESPACE"> </token>
        <token name="T_STRING">array_map</token>
        <token name="T_SEMICOLON">;</token>
      </line>
      <line no="39">
        <token name="T_USE">use</token>
        <token name="T_WHITESPACE"> </token>
        <token name="T_FUNCTION">function</token>
        <token name="T_WHITESPACE"> </token>
        <token name="T_STRING">assert</token>
        <token name="T_SEMICOLON">;</token>
      </line>
      <line no="40">
        <token name="T_USE">use</token>
        <token name="T_WHITESPACE"> </token>
        <token name="T_FUNCTION">function</token>
        <token name="T_WHITESPACE"> </token>
        <token name="T_STRING">in_array</token>
        <token name="T_SEMICOLON">;</token>
      </line>
      <line no="41">
        <token name="T_USE">use</token>
        <token name="T_WHITESPACE"> </token>
        <token name="T_STRING">Infection</token>
        <token name="T_NS_SEPARATOR">\</token>
        <token name="T_STRING">AbstractTestFramework</token>
        <token name="T_NS_SEPARATOR">\</token>
        <token name="T_STRING">Coverage</token>
        <token name="T_NS_SEPARATOR">\</token>
        <token name="T_STRING">TestLocation</token>
        <token name="T_SEMICOLON">;</token>
      </line>
      <line no="42">
        <token name="T_USE">use</token>
        <token name="T_WHITESPACE"> </token>
        <token name="T_FUNCTION">function</token>
        <token name="T_WHITESPACE"> </token>
        <token name="T_STRING">is_string</token>
        <token name="T_SEMICOLON">;</token>
      </line>
      <line no="43">
        <token name="T_USE">use</token>
        <token name="T_WHITESPACE"> </token>
        <token name="T_FUNCTION">function</token>
        <token name="T_WHITESPACE"> </token>
        <token name="T_STRING">usort</token>
        <token name="T_SEMICOLON">;</token>
      </line>
      <line no="44"/>
      <line no="45">
        <token name="T_DOC_COMMENT">/**</token>
      </line>
      <line no="46">
        <token name="T_DOC_COMMENT"> * @internal</token>
      </line>
      <line no="47">
        <token name="T_DOC_COMMENT"> */</token>
      </line>
      <line no="48">
        <token name="T_FINAL">final</token>
        <token name="T_WHITESPACE"> </token>
        <token name="T_CLASS">class</token>
        <token name="T_WHITESPACE"> </token>
        <token name="T_STRING">JUnitTestCaseSorter</token>
      </line>
      <line no="49">
        <token name="T_OPEN_CURLY">{</token>
      </line>
      <line no="50">
        <token name="T_WHITESPACE">    </token>
        <token name="T_DOC_COMMENT">/**</token>
      </line>
      <line no="51">
        <token name="T_DOC_COMMENT">     * @param TestLocation[] $tests</token>
      </line>
      <line no="52">
        <token name="T_DOC_COMMENT">     *</token>
      </line>
      <line no="53">
        <token name="T_DOC_COMMENT">     * @return string[]</token>
      </line>
      <line no="54">
        <token name="T_DOC_COMMENT">     */</token>
      </line>
      <line no="55">
        <token name="T_WHITESPACE">    </token>
        <token name="T_PUBLIC">public</token>
        <token name="T_WHITESPACE"> </token>
        <token name="T_FUNCTION">function</token>
        <token name="T_WHITESPACE"> </token>
        <token name="T_STRING">getUniqueSortedFileNames</token>
        <token name="T_OPEN_BRACKET">(</token>
        <token name="T_ARRAY">array</token>
        <token name="T_WHITESPACE"> </token>
        <token name="T_VARIABLE">$tests</token>
        <token name="T_CLOSE_BRACKET">)</token>
        <token name="T_COLON">:</token>
        <token name="T_WHITESPACE"> </token>
        <token name="T_ARRAY">array</token>
      </line>
      <line no="56">
        <token name="T_WHITESPACE">    </token>
        <token name="T_OPEN_CURLY">{</token>
      </line>
      <line no="57">
        <token name="T_WHITESPACE">        </token>
        <token name="T_VARIABLE">$uniqueCoverageTests</token>
        <token name="T_WHITESPACE"> </token>
        <token name="T_EQUAL">=</token>
        <token name="T_WHITESPACE"> </token>
        <token name="T_VARIABLE">$this</token>
        <token name="T_OBJECT_OPERATOR">-&gt;</token>
        <token name="T_STRING">uniqueByTestFile</token>
        <token name="T_OPEN_BRACKET">(</token>
        <token name="T_VARIABLE">$tests</token>
        <token name="T_CLOSE_BRACKET">)</token>
        <token name="T_SEMICOLON">;</token>
      </line>
      <line no="58"/>
      <line no="59">
        <token name="T_WHITESPACE">        </token>
        <token name="T_COMMENT">// sort tests to run the fastest first</token>
      </line>
      <line no="60">
        <token name="T_WHITESPACE">        </token>
        <token name="T_STRING">usort</token>
        <token name="T_OPEN_BRACKET">(</token>
      </line>
      <line no="61">
        <token name="T_WHITESPACE">            </token>
        <token name="T_VARIABLE">$uniqueCoverageTests</token>
        <token name="T_COMMA">,</token>
      </line>
      <line no="62">
        <token name="T_WHITESPACE">            </token>
        <token name="T_STATIC">static</token>
        <token name="T_WHITESPACE"> </token>
        <token name="T_FUNCTION">function</token>
        <token name="T_WHITESPACE"> </token>
        <token name="T_OPEN_BRACKET">(</token>
        <token name="T_STRING">TestLocation</token>
        <token name="T_WHITESPACE"> </token>
        <token name="T_VARIABLE">$a</token>
        <token name="T_COMMA">,</token>
        <token name="T_WHITESPACE"> </token>
        <token name="T_STRING">TestLocation</token>
        <token name="T_WHITESPACE"> </token>
        <token name="T_VARIABLE">$b</token>
        <token name="T_CLOSE_BRACKET">)</token>
        <token name="T_COLON">:</token>
        <token name="T_WHITESPACE"> </token>
        <token name="T_STRING">int</token>
        <token name="T_WHITESPACE"> </token>
        <token name="T_OPEN_CURLY">{</token>
      </line>
      <line no="63">
        <token name="T_WHITESPACE">                </token>
        <token name="T_RETURN">return</token>
        <token name="T_WHITESPACE"> </token>
        <token name="T_VARIABLE">$a</token>
        <token name="T_OBJECT_OPERATOR">-&gt;</token>
        <token name="T_STRING">getExecutionTime</token>
        <token name="T_OPEN_BRACKET">(</token>
        <token name="T_CLOSE_BRACKET">)</token>
        <token name="T_WHITESPACE"> </token>
        <token name="T_SPACESHIP">&lt;=&gt;</token>
        <token name="T_WHITESPACE"> </token>
        <token name="T_VARIABLE">$b</token>
        <token name="T_OBJECT_OPERATOR">-&gt;</token>
        <token name="T_STRING">getExecutionTime</token>
        <token name="T_OPEN_BRACKET">(</token>
        <token name="T_CLOSE_BRACKET">)</token>
        <token name="T_SEMICOLON">;</token>
      </line>
      <line no="64">
        <token name="T_WHITESPACE">            </token>
        <token name="T_CLOSE_CURLY">}</token>
      </line>
      <line no="65">
        <token name="T_WHITESPACE">        </token>
        <token name="T_CLOSE_BRACKET">)</token>
        <token name="T_SEMICOLON">;</token>
      </line>
      <line no="66"/>
      <line no="67">
        <token name="T_WHITESPACE">        </token>
        <token name="T_RETURN">return</token>
        <token name="T_WHITESPACE"> </token>
        <token name="T_STRING">array_map</token>
        <token name="T_OPEN_BRACKET">(</token>
      </line>
      <line no="68">
        <token name="T_WHITESPACE">            </token>
        <token name="T_STATIC">static</token>
        <token name="T_WHITESPACE"> </token>
        <token name="T_FUNCTION">function</token>
        <token name="T_WHITESPACE"> </token>
        <token name="T_OPEN_BRACKET">(</token>
        <token name="T_STRING">TestLocation</token>
        <token name="T_WHITESPACE"> </token>
        <token name="T_VARIABLE">$coverageLineData</token>
        <token name="T_CLOSE_BRACKET">)</token>
        <token name="T_COLON">:</token>
        <token name="T_WHITESPACE"> </token>
        <token name="T_STRING">string</token>
        <token name="T_WHITESPACE"> </token>
        <token name="T_OPEN_CURLY">{</token>
      </line>
      <line no="69">
        <token name="T_WHITESPACE">                </token>
        <token name="T_STRING">assert</token>
        <token name="T_OPEN_BRACKET">(</token>
        <token name="T_STRING">is_string</token>
        <token name="T_OPEN_BRACKET">(</token>
        <token name="T_VARIABLE">$coverageLineData</token>
        <token name="T_OBJECT_OPERATOR">-&gt;</token>
        <token name="T_STRING">getFilePath</token>
        <token name="T_OPEN_BRACKET">(</token>
        <token name="T_CLOSE_BRACKET">)</token>
        <token name="T_CLOSE_BRACKET">)</token>
        <token name="T_CLOSE_BRACKET">)</token>
        <token name="T_SEMICOLON">;</token>
      </line>
      <line no="70"/>
      <line no="71">
        <token name="T_WHITESPACE">                </token>
        <token name="T_RETURN">return</token>
        <token name="T_WHITESPACE"> </token>
        <token name="T_VARIABLE">$coverageLineData</token>
        <token name="T_OBJECT_OPERATOR">-&gt;</token>
        <token name="T_STRING">getFilePath</token>
        <token name="T_OPEN_BRACKET">(</token>
        <token name="T_CLOSE_BRACKET">)</token>
        <token name="T_SEMICOLON">;</token>
      </line>
      <line no="72">
        <token name="T_WHITESPACE">            </token>
        <token name="T_CLOSE_CURLY">}</token>
        <token name="T_COMMA">,</token>
      </line>
      <line no="73">
        <token name="T_WHITESPACE">            </token>
        <token name="T_VARIABLE">$uniqueCoverageTests</token>
      </line>
      <line no="74">
        <token name="T_WHITESPACE">        </token>
        <token name="T_CLOSE_BRACKET">)</token>
        <token name="T_SEMICOLON">;</token>
      </line>
      <line no="75">
        <token name="T_WHITESPACE">    </token>
        <token name="T_CLOSE_CURLY">}</token>
      </line>
      <line no="76"/>
      <line no="77">
        <token name="T_WHITESPACE">    </token>
        <token name="T_DOC_COMMENT">/**</token>
      </line>
      <line no="78">
        <token name="T_DOC_COMMENT">     * @param TestLocation[] $tests</token>
      </line>
      <line no="79">
        <token name="T_DOC_COMMENT">     *</token>
      </line>
      <line no="80">
        <token name="T_DOC_COMMENT">     * @return TestLocation[]</token>
      </line>
      <line no="81">
        <token name="T_DOC_COMMENT">     */</token>
      </line>
      <line no="82">
        <token name="T_WHITESPACE">    </token>
        <token name="T_PRIVATE">private</token>
        <token name="T_WHITESPACE"> </token>
        <token name="T_FUNCTION">function</token>
        <token name="T_WHITESPACE"> </token>
        <token name="T_STRING">uniqueByTestFile</token>
        <token name="T_OPEN_BRACKET">(</token>
        <token name="T_ARRAY">array</token>
        <token name="T_WHITESPACE"> </token>
        <token name="T_VARIABLE">$tests</token>
        <token name="T_CLOSE_BRACKET">)</token>
        <token name="T_COLON">:</token>
        <token name="T_WHITESPACE"> </token>
        <token name="T_ARRAY">array</token>
      </line>
      <line no="83">
        <token name="T_WHITESPACE">    </token>
        <token name="T_OPEN_CURLY">{</token>
      </line>
      <line no="84">
        <token name="T_WHITESPACE">        </token>
        <token name="T_VARIABLE">$usedFileNames</token>
        <token name="T_WHITESPACE"> </token>
        <token name="T_EQUAL">=</token>
        <token name="T_WHITESPACE"> </token>
        <token name="T_OPEN_SQUARE">[</token>
        <token name="T_CLOSE_SQUARE">]</token>
        <token name="T_SEMICOLON">;</token>
      </line>
      <line no="85">
        <token name="T_WHITESPACE">        </token>
        <token name="T_VARIABLE">$uniqueTests</token>
        <token name="T_WHITESPACE"> </token>
        <token name="T_EQUAL">=</token>
        <token name="T_WHITESPACE"> </token>
        <token name="T_OPEN_SQUARE">[</token>
        <token name="T_CLOSE_SQUARE">]</token>
        <token name="T_SEMICOLON">;</token>
      </line>
      <line no="86"/>
      <line no="87">
        <token name="T_WHITESPACE">        </token>
        <token name="T_FOREACH">foreach</token>
        <token name="T_WHITESPACE"> </token>
        <token name="T_OPEN_BRACKET">(</token>
        <token name="T_VARIABLE">$tests</token>
        <token name="T_WHITESPACE"> </token>
        <token name="T_AS">as</token>
        <token name="T_WHITESPACE"> </token>
        <token name="T_VARIABLE">$test</token>
        <token name="T_CLOSE_BRACKET">)</token>
        <token name="T_WHITESPACE"> </token>
        <token name="T_OPEN_CURLY">{</token>
      </line>
      <line no="88">
        <token name="T_WHITESPACE">            </token>
        <token name="T_VARIABLE">$filePath</token>
        <token name="T_WHITESPACE"> </token>
        <token name="T_EQUAL">=</token>
        <token name="T_WHITESPACE"> </token>
        <token name="T_VARIABLE">$test</token>
        <token name="T_OBJECT_OPERATOR">-&gt;</token>
        <token name="T_STRING">getFilePath</token>
        <token name="T_OPEN_BRACKET">(</token>
        <token name="T_CLOSE_BRACKET">)</token>
        <token name="T_SEMICOLON">;</token>
      </line>
      <line no="89"/>
      <line no="90">
        <token name="T_WHITESPACE">            </token>
        <token name="T_IF">if</token>
        <token name="T_WHITESPACE"> </token>
        <token name="T_OPEN_BRACKET">(</token>
        <token name="T_EXCLAMATION_MARK">!</token>
        <token name="T_STRING">in_array</token>
        <token name="T_OPEN_BRACKET">(</token>
        <token name="T_VARIABLE">$filePath</token>
        <token name="T_COMMA">,</token>
        <token name="T_WHITESPACE"> </token>
        <token name="T_VARIABLE">$usedFileNames</token>
        <token name="T_COMMA">,</token>
        <token name="T_WHITESPACE"> </token>
        <token name="T_STRING">true</token>
        <token name="T_CLOSE_BRACKET">)</token>
        <token name="T_CLOSE_BRACKET">)</token>
        <token name="T_WHITESPACE"> </token>
        <token name="T_OPEN_CURLY">{</token>
      </line>
      <line no="91">
        <token name="T_WHITESPACE">                </token>
        <token name="T_VARIABLE">$uniqueTests</token>
        <token name="T_OPEN_SQUARE">[</token>
        <token name="T_CLOSE_SQUARE">]</token>
        <token name="T_WHITESPACE"> </token>
        <token name="T_EQUAL">=</token>
        <token name="T_WHITESPACE"> </token>
        <token name="T_VARIABLE">$test</token>
        <token name="T_SEMICOLON">;</token>
      </line>
      <line no="92">
        <token name="T_WHITESPACE">                </token>
        <token name="T_VARIABLE">$usedFileNames</token>
        <token name="T_OPEN_SQUARE">[</token>
        <token name="T_CLOSE_SQUARE">]</token>
        <token name="T_WHITESPACE"> </token>
        <token name="T_EQUAL">=</token>
        <token name="T_WHITESPACE"> </token>
        <token name="T_VARIABLE">$filePath</token>
        <token name="T_SEMICOLON">;</token>
      </line>
      <line no="93">
        <token name="T_WHITESPACE">            </token>
        <token name="T_CLOSE_CURLY">}</token>
      </line>
      <line no="94">
        <token name="T_WHITESPACE">        </token>
        <token name="T_CLOSE_CURLY">}</token>
      </line>
      <line no="95"/>
      <line no="96">
        <token name="T_WHITESPACE">        </token>
        <token name="T_RETURN">return</token>
        <token name="T_WHITESPACE"> </token>
        <token name="T_VARIABLE">$uniqueTests</token>
        <token name="T_SEMICOLON">;</token>
      </line>
      <line no="97">
        <token name="T_WHITESPACE">    </token>
        <token name="T_CLOSE_CURLY">}</token>
      </line>
      <line no="98">
        <token name="T_CLOSE_CURLY">}</token>
      </line>
      <line no="99"/>
    </source>
  </file>
</phpunit>
