<?xml version="1.0" encoding="UTF-8"?>
<testsuites>
  <testsuite name="Main Test Suite" tests="34" assertions="38" errors="0" warnings="0" failures="0" skipped="0" time="0.049870">
    <testsuite name="Infection\Tests\TestFramework\Codeception\StringifierTest" file="/Users/tfidry/Project/Humbug/codeception-adapter/tests/phpunit/StringifierTest.php" tests="6" assertions="6" errors="0" warnings="0" failures="0" skipped="0" time="0.012460">
      <testsuite name="Infection\Tests\TestFramework\Codeception\StringifierTest::test_stringify_array_of_strings" tests="3" assertions="3" errors="0" warnings="0" failures="0" skipped="0" time="0.010564">
        <testcase name="test_stringify_array_of_strings with data set &quot;Empty array&quot;" class="Infection\Tests\TestFramework\Codeception\StringifierTest" classname="Infection.Tests.TestFramework.Codeception.StringifierTest" file="/Users/tfidry/Project/Humbug/codeception-adapter/tests/phpunit/StringifierTest.php" line="58" assertions="1" time="0.010321"/>
        <testcase name="test_stringify_array_of_strings with data set &quot;One element&quot;" class="Infection\Tests\TestFramework\Codeception\StringifierTest" classname="Infection.Tests.TestFramework.Codeception.StringifierTest" file="/Users/tfidry/Project/Humbug/codeception-adapter/tests/phpunit/StringifierTest.php" line="58" assertions="1" time="0.000128"/>
        <testcase name="test_stringify_array_of_strings with data set &quot;Several elements&quot;" class="Infection\Tests\TestFramework\Codeception\StringifierTest" classname="Infection.Tests.TestFramework.Codeception.StringifierTest" file="/Users/tfidry/Project/Humbug/codeception-adapter/tests/phpunit/StringifierTest.php" line="58" assertions="1" time="0.000115"/>
      </testsuite>
      <testcase name="test_stringify_array_of_strings_works_only_with_array_of_strings" class="Infection\Tests\TestFramework\Codeception\StringifierTest" classname="Infection.Tests.TestFramework.Codeception.StringifierTest" file="/Users/tfidry/Project/Humbug/codeception-adapter/tests/phpunit/StringifierTest.php" line="63" assertions="1" time="0.001627"/>
      <testsuite name="Infection\Tests\TestFramework\Codeception\StringifierTest::test_stringify_boolean" tests="2" assertions="2" errors="0" warnings="0" failures="0" skipped="0" time="0.000269">
        <testcase name="test_stringify_boolean with data set &quot;False&quot;" class="Infection\Tests\TestFramework\Codeception\StringifierTest" classname="Infection.Tests.TestFramework.Codeception.StringifierTest" file="/Users/tfidry/Project/Humbug/codeception-adapter/tests/phpunit/StringifierTest.php" line="48" assertions="1" time="0.000133"/>
        <testcase name="test_stringify_boolean with data set &quot;True&quot;" class="Infection\Tests\TestFramework\Codeception\StringifierTest" classname="Infection.Tests.TestFramework.Codeception.StringifierTest" file="/Users/tfidry/Project/Humbug/codeception-adapter/tests/phpunit/StringifierTest.php" line="48" assertions="1" time="0.000136"/>
      </testsuite>
    </testsuite>
    <testsuite name="Infection\Tests\TestFramework\Codeception\CodeceptionAdapterFactoryTest" file="/Users/tfidry/Project/Humbug/codeception-adapter/tests/phpunit/CodeceptionAdapterFactoryTest.php" tests="1" assertions="1" errors="0" warnings="0" failures="0" skipped="0" time="0.008598">
      <testcase name="test_it_creates_codeception_adapter" class="Infection\Tests\TestFramework\Codeception\CodeceptionAdapterFactoryTest" classname="Infection.Tests.TestFramework.Codeception.CodeceptionAdapterFactoryTest" file="/Users/tfidry/Project/Humbug/codeception-adapter/tests/phpunit/CodeceptionAdapterFactoryTest.php" line="47" assertions="1" time="0.008598"/>
    </testsuite>
    <testsuite name="Infection\Tests\TestFramework\Codeception\CodeceptionAdapterTest" file="/Users/tfidry/Project/Humbug/codeception-adapter/tests/phpunit/CodeceptionAdapterTest.php" tests="27" assertions="31" errors="0" warnings="0" failures="0" skipped="0" time="0.028811">
      <testcase name="test_it_adds_extra_options_for_mutant_command_line" class="Infection\Tests\TestFramework\Codeception\CodeceptionAdapterTest" classname="Infection.Tests.TestFramework.Codeception.CodeceptionAdapterTest" file="/Users/tfidry/Project/Humbug/codeception-adapter/tests/phpunit/CodeceptionAdapterTest.php" line="220" assertions="1" time="0.003596"/>
      <testsuite name="Infection\Tests\TestFramework\Codeception\CodeceptionAdapterTest::test_it_determines_used_memory_amount" tests="4" assertions="4" errors="0" warnings="0" failures="0" skipped="0" time="0.001997">
        <testcase name="test_it_determines_used_memory_amount with data set #3" class="Infection\Tests\TestFramework\Codeception\CodeceptionAdapterTest" classname="Infection.Tests.TestFramework.Codeception.CodeceptionAdapterTest" file="/Users/tfidry/Project/Humbug/codeception-adapter/tests/phpunit/CodeceptionAdapterTest.php" line="111" assertions="1" time="0.000477"/>
        <testcase name="test_it_determines_used_memory_amount with data set #2" class="Infection\Tests\TestFramework\Codeception\CodeceptionAdapterTest" classname="Infection.Tests.TestFramework.Codeception.CodeceptionAdapterTest" file="/Users/tfidry/Project/Humbug/codeception-adapter/tests/phpunit/CodeceptionAdapterTest.php" line="111" assertions="1" time="0.000453"/>
        <testcase name="test_it_determines_used_memory_amount with data set #1" class="Infection\Tests\TestFramework\Codeception\CodeceptionAdapterTest" classname="Infection.Tests.TestFramework.Codeception.CodeceptionAdapterTest" file="/Users/tfidry/Project/Humbug/codeception-adapter/tests/phpunit/CodeceptionAdapterTest.php" line="111" assertions="1" time="0.000553"/>
        <testcase name="test_it_determines_used_memory_amount with data set #0" class="Infection\Tests\TestFramework\Codeception\CodeceptionAdapterTest" classname="Infection.Tests.TestFramework.Codeception.CodeceptionAdapterTest" file="/Users/tfidry/Project/Humbug/codeception-adapter/tests/phpunit/CodeceptionAdapterTest.php" line="111" assertions="1" time="0.000514"/>
      </testsuite>
      <testcase name="test_it_has_junit_report" class="Infection\Tests\TestFramework\Codeception\CodeceptionAdapterTest" classname="Infection.Tests.TestFramework.Codeception.CodeceptionAdapterTest" file="/Users/tfidry/Project/Humbug/codeception-adapter/tests/phpunit/CodeceptionAdapterTest.php" line="348" assertions="1" time="0.000978"/>
      <testcase name="test_adds_original_bootstrap_to_the_created_config_file_with_relative_path" class="Infection\Tests\TestFramework\Codeception\CodeceptionAdapterTest" classname="Infection.Tests.TestFramework.Codeception.CodeceptionAdapterTest" file="/Users/tfidry/Project/Humbug/codeception-adapter/tests/phpunit/CodeceptionAdapterTest.php" line="323" assertions="1" time="0.001530"/>
      <testcase name="test_it_disables_coverage_if_skipped" class="Infection\Tests\TestFramework\Codeception\CodeceptionAdapterTest" classname="Infection.Tests.TestFramework.Codeception.CodeceptionAdapterTest" file="/Users/tfidry/Project/Humbug/codeception-adapter/tests/phpunit/CodeceptionAdapterTest.php" line="181" assertions="2" time="0.000479"/>
      <testcase name="test_codeception_name" class="Infection\Tests\TestFramework\Codeception\CodeceptionAdapterTest" classname="Infection.Tests.TestFramework.Codeception.CodeceptionAdapterTest" file="/Users/tfidry/Project/Humbug/codeception-adapter/tests/phpunit/CodeceptionAdapterTest.php" line="355" assertions="1" time="0.000522"/>
      <testcase name="test_it_sets_the_output_dir_to_tmp_dir" class="Infection\Tests\TestFramework\Codeception\CodeceptionAdapterTest" classname="Infection.Tests.TestFramework.Codeception.CodeceptionAdapterTest" file="/Users/tfidry/Project/Humbug/codeception-adapter/tests/phpunit/CodeceptionAdapterTest.php" line="165" assertions="1" time="0.002180"/>
      <testcase name="test_it_creates_interceptor_file" class="Infection\Tests\TestFramework\Codeception\CodeceptionAdapterTest" classname="Infection.Tests.TestFramework.Codeception.CodeceptionAdapterTest" file="/Users/tfidry/Project/Humbug/codeception-adapter/tests/phpunit/CodeceptionAdapterTest.php" line="263" assertions="1" time="0.001190"/>
      <testsuite name="Infection\Tests\TestFramework\Codeception\CodeceptionAdapterTest::test_it_determines_whether_tests_pass_or_not" tests="4" assertions="4" errors="0" warnings="0" failures="0" skipped="0" time="0.002102">
        <testcase name="test_it_determines_whether_tests_pass_or_not with data set #3" class="Infection\Tests\TestFramework\Codeception\CodeceptionAdapterTest" classname="Infection.Tests.TestFramework.Codeception.CodeceptionAdapterTest" file="/Users/tfidry/Project/Humbug/codeception-adapter/tests/phpunit/CodeceptionAdapterTest.php" line="93" assertions="1" time="0.000526"/>
        <testcase name="test_it_determines_whether_tests_pass_or_not with data set #0" class="Infection\Tests\TestFramework\Codeception\CodeceptionAdapterTest" classname="Infection.Tests.TestFramework.Codeception.CodeceptionAdapterTest" file="/Users/tfidry/Project/Humbug/codeception-adapter/tests/phpunit/CodeceptionAdapterTest.php" line="93" assertions="1" time="0.000703"/>
        <testcase name="test_it_determines_whether_tests_pass_or_not with data set #2" class="Infection\Tests\TestFramework\Codeception\CodeceptionAdapterTest" classname="Infection.Tests.TestFramework.Codeception.CodeceptionAdapterTest" file="/Users/tfidry/Project/Humbug/codeception-adapter/tests/phpunit/CodeceptionAdapterTest.php" line="93" assertions="1" time="0.000428"/>
        <testcase name="test_it_determines_whether_tests_pass_or_not with data set #1" class="Infection\Tests\TestFramework\Codeception\CodeceptionAdapterTest" classname="Infection.Tests.TestFramework.Codeception.CodeceptionAdapterTest" file="/Users/tfidry/Project/Humbug/codeception-adapter/tests/phpunit/CodeceptionAdapterTest.php" line="93" assertions="1" time="0.000445"/>
      </testsuite>
      <testcase name="test_it_disables_coverage_for_mutant_command_line" class="Infection\Tests\TestFramework\Codeception\CodeceptionAdapterTest" classname="Infection.Tests.TestFramework.Codeception.CodeceptionAdapterTest" file="/Users/tfidry/Project/Humbug/codeception-adapter/tests/phpunit/CodeceptionAdapterTest.php" line="206" assertions="1" time="0.001011"/>
      <testcase name="test_it_populates_include_coverage_key_from_src_folders_if_not_set" class="Infection\Tests\TestFramework\Codeception\CodeceptionAdapterTest" classname="Infection.Tests.TestFramework.Codeception.CodeceptionAdapterTest" file="/Users/tfidry/Project/Humbug/codeception-adapter/tests/phpunit/CodeceptionAdapterTest.php" line="190" assertions="1" time="0.001911"/>
      <testcase name="test_adds_original_bootstrap_to_the_created_config_file_with_absolute_path" class="Infection\Tests\TestFramework\Codeception\CodeceptionAdapterTest" classname="Infection.Tests.TestFramework.Codeception.CodeceptionAdapterTest" file="/Users/tfidry/Project/Humbug/codeception-adapter/tests/phpunit/CodeceptionAdapterTest.php" line="298" assertions="1" time="0.001359"/>
      <testcase name="test_it_sets_bootstrap_file" class="Infection\Tests\TestFramework\Codeception\CodeceptionAdapterTest" classname="Infection.Tests.TestFramework.Codeception.CodeceptionAdapterTest" file="/Users/tfidry/Project/Humbug/codeception-adapter/tests/phpunit/CodeceptionAdapterTest.php" line="249" assertions="1" time="0.002092"/>
      <testcase name="test_it_does_not_add_original_bootstrap_to_the_created_config_file_if_not_exists" class="Infection\Tests\TestFramework\Codeception\CodeceptionAdapterTest" classname="Infection.Tests.TestFramework.Codeception.CodeceptionAdapterTest" file="/Users/tfidry/Project/Humbug/codeception-adapter/tests/phpunit/CodeceptionAdapterTest.php" line="280" assertions="1" time="0.001851"/>
      <testcase name="test_it_runs_tests_with_a_random_order" class="Infection\Tests\TestFramework\Codeception\CodeceptionAdapterTest" classname="Infection.Tests.TestFramework.Codeception.CodeceptionAdapterTest" file="/Users/tfidry/Project/Humbug/codeception-adapter/tests/phpunit/CodeceptionAdapterTest.php" line="198" assertions="1" time="0.001578"/>
      <testcase name="test_it_has_a_name" class="Infection\Tests\TestFramework\Codeception\CodeceptionAdapterTest" classname="Infection.Tests.TestFramework.Codeception.CodeceptionAdapterTest" file="/Users/tfidry/Project/Humbug/codeception-adapter/tests/phpunit/CodeceptionAdapterTest.php" line="84" assertions="1" time="0.000708"/>
      <testcase name="test_it_enables_coverage_if_not_skipped" class="Infection\Tests\TestFramework\Codeception\CodeceptionAdapterTest" classname="Infection.Tests.TestFramework.Codeception.CodeceptionAdapterTest" file="/Users/tfidry/Project/Humbug/codeception-adapter/tests/phpunit/CodeceptionAdapterTest.php" line="173" assertions="1" time="0.000742"/>
      <testcase name="test_it_sets_coverage_phpunit_dir" class="Infection\Tests\TestFramework\Codeception\CodeceptionAdapterTest" classname="Infection.Tests.TestFramework.Codeception.CodeceptionAdapterTest" file="/Users/tfidry/Project/Humbug/codeception-adapter/tests/phpunit/CodeceptionAdapterTest.php" line="147" assertions="2" time="0.000771"/>
      <testcase name="test_it_sets_junit_xml_path" class="Infection\Tests\TestFramework\Codeception\CodeceptionAdapterTest" classname="Infection.Tests.TestFramework.Codeception.CodeceptionAdapterTest" file="/Users/tfidry/Project/Humbug/codeception-adapter/tests/phpunit/CodeceptionAdapterTest.php" line="156" assertions="2" time="0.000639"/>
      <testcase name="test_it_sets_infection_group" class="Infection\Tests\TestFramework\Codeception\CodeceptionAdapterTest" classname="Infection.Tests.TestFramework.Codeception.CodeceptionAdapterTest" file="/Users/tfidry/Project/Humbug/codeception-adapter/tests/phpunit/CodeceptionAdapterTest.php" line="234" assertions="2" time="0.000953"/>
      <testcase name="test_it_conforms_to_memory_usage_aware" class="Infection\Tests\TestFramework\Codeception\CodeceptionAdapterTest" classname="Infection.Tests.TestFramework.Codeception.CodeceptionAdapterTest" file="/Users/tfidry/Project/Humbug/codeception-adapter/tests/phpunit/CodeceptionAdapterTest.php" line="101" assertions="1" time="0.000623"/>
    </testsuite>
  </testsuite>
</testsuites>
